mktextfm ptmr7t
mktextfm phvro7tn
mktextfm phvr7tn
mktextfm phvr7t
mktextfm phvr7tn
mktextfm phvb7t
mktextfm nullfont
mktextfm phvb7t
mktextfm nullfont
mktextfm phvb7t
mktextfm nullfont
mktextfm ptmr7t
mktextfm phvb7t
mktextfm nullfont
mktextfm ptmr7t
mktextfm phvb7t
mktextfm nullfont
mktextfm ptmr7t
mktextfm phvr7tn
mktextfm phvr7t
mktextfm phvr7tn
mktextfm ptmr7t
mktextfm phvr7t
mktextfm phvr7tn
mktextfm ptmr7t
mktextfm phvr7t
mktextfm phvr7tn
mktextfm phvr7t
mktextfm phvr7t
mktextfm phvb7t
mktextfm nullfont
mktextfm phvro7t
mktextfm nullfont
mktextfm ptmb7t
mktextfm nullfont
mktextfm ptmri7t
mktextfm ptmr7t
mktextfm ptmri7t
mktextfm ptmri7t
mktextfm ptmr7t
mktextfm ptmr7t
mktextfm phvb7t
mktextfm nullfont
mktextfm ptmri7t
mktextfm ptmb7t
mktextfm nullfont
mktextfm phvro7t
mktextfm nullfont
